1741732300.719479 client started (23299): version 3.5a, socket /tmp/tmux-1000/default, protocol 8
1741732300.719565 on Linux 6.12.1-artix1-1 #1 SMP PREEMPT_DYNAMIC Fri, 22 Nov 2024 22:38:24 +0000
1741732300.719577 using libevent 2.1.12-stable poll
1741732300.719585 using ncurses 6.5 20240427
1741732300.719650 flags are 0x10010000
1741732300.719658 socket is /tmp/tmux-1000/default
1741732300.719684 trying connect
1741732300.719877 add peer 0x571519d74470: 6 ((nil))
1741732300.720940 sending message 111 to peer 0x571519d74470 (8 bytes)
1741732300.720969 sending message 111 to peer 0x571519d74470 (8 bytes)
1741732300.720979 sending message 101 to peer 0x571519d74470 (15 bytes)
1741732300.720987 sending message 109 to peer 0x571519d74470 (4 bytes)
1741732300.720996 sending message 102 to peer 0x571519d74470 (11 bytes)
1741732300.721004 sending message 108 to peer 0x571519d74470 (35 bytes)
1741732300.721013 sending message 112 to peer 0x571519d74470 (58 bytes)
1741732300.721022 sending message 112 to peer 0x571519d74470 (5 bytes)
1741732300.721030 sending message 112 to peer 0x571519d74470 (5 bytes)
1741732300.721038 sending message 112 to peer 0x571519d74470 (6 bytes)
1741732300.721047 sending message 112 to peer 0x571519d74470 (6 bytes)
1741732300.721055 sending message 112 to peer 0x571519d74470 (11 bytes)
1741732300.721063 sending message 112 to peer 0x571519d74470 (10 bytes)
1741732300.721071 sending message 112 to peer 0x571519d74470 (13 bytes)
1741732300.721080 sending message 112 to peer 0x571519d74470 (14 bytes)
1741732300.721088 sending message 112 to peer 0x571519d74470 (19 bytes)
1741732300.721096 sending message 112 to peer 0x571519d74470 (11 bytes)
1741732300.721104 sending message 112 to peer 0x571519d74470 (10 bytes)
1741732300.721112 sending message 112 to peer 0x571519d74470 (15 bytes)
1741732300.721120 sending message 112 to peer 0x571519d74470 (21 bytes)
1741732300.721129 sending message 112 to peer 0x571519d74470 (13 bytes)
1741732300.721137 sending message 112 to peer 0x571519d74470 (7 bytes)
1741732300.721145 sending message 112 to peer 0x571519d74470 (13 bytes)
1741732300.721153 sending message 112 to peer 0x571519d74470 (7 bytes)
1741732300.721161 sending message 112 to peer 0x571519d74470 (13 bytes)
1741732300.721169 sending message 112 to peer 0x571519d74470 (9 bytes)
1741732300.721177 sending message 112 to peer 0x571519d74470 (21 bytes)
1741732300.721185 sending message 112 to peer 0x571519d74470 (13 bytes)
1741732300.721194 sending message 112 to peer 0x571519d74470 (9 bytes)
1741732300.721202 sending message 112 to peer 0x571519d74470 (16 bytes)
1741732300.721210 sending message 112 to peer 0x571519d74470 (13 bytes)
1741732300.721218 sending message 112 to peer 0x571519d74470 (9 bytes)
1741732300.721226 sending message 112 to peer 0x571519d74470 (9 bytes)
1741732300.721234 sending message 112 to peer 0x571519d74470 (12 bytes)
1741732300.721242 sending message 112 to peer 0x571519d74470 (8 bytes)
1741732300.721251 sending message 112 to peer 0x571519d74470 (8 bytes)
1741732300.721259 sending message 112 to peer 0x571519d74470 (13 bytes)
1741732300.721267 sending message 112 to peer 0x571519d74470 (7 bytes)
1741732300.721275 sending message 112 to peer 0x571519d74470 (7 bytes)
1741732300.721283 sending message 112 to peer 0x571519d74470 (9 bytes)
1741732300.721291 sending message 112 to peer 0x571519d74470 (9 bytes)
1741732300.721299 sending message 112 to peer 0x571519d74470 (15 bytes)
1741732300.721308 sending message 112 to peer 0x571519d74470 (13 bytes)
1741732300.721316 sending message 112 to peer 0x571519d74470 (12 bytes)
1741732300.721324 sending message 112 to peer 0x571519d74470 (8 bytes)
1741732300.721332 sending message 112 to peer 0x571519d74470 (14 bytes)
1741732300.721340 sending message 112 to peer 0x571519d74470 (11 bytes)
1741732300.721348 sending message 112 to peer 0x571519d74470 (9 bytes)
1741732300.721356 sending message 112 to peer 0x571519d74470 (10 bytes)
1741732300.721364 sending message 112 to peer 0x571519d74470 (10 bytes)
1741732300.721372 sending message 112 to peer 0x571519d74470 (10 bytes)
1741732300.721398 sending message 112 to peer 0x571519d74470 (10 bytes)
1741732300.721408 sending message 112 to peer 0x571519d74470 (11 bytes)
1741732300.721416 sending message 112 to peer 0x571519d74470 (12 bytes)
1741732300.721424 sending message 112 to peer 0x571519d74470 (12 bytes)
1741732300.721432 sending message 112 to peer 0x571519d74470 (12 bytes)
1741732300.721440 sending message 112 to peer 0x571519d74470 (12 bytes)
1741732300.721448 sending message 112 to peer 0x571519d74470 (12 bytes)
1741732300.721456 sending message 112 to peer 0x571519d74470 (11 bytes)
1741732300.721464 sending message 112 to peer 0x571519d74470 (11 bytes)
1741732300.721472 sending message 112 to peer 0x571519d74470 (12 bytes)
1741732300.721481 sending message 112 to peer 0x571519d74470 (12 bytes)
1741732300.721489 sending message 112 to peer 0x571519d74470 (12 bytes)
1741732300.721497 sending message 112 to peer 0x571519d74470 (12 bytes)
1741732300.721505 sending message 112 to peer 0x571519d74470 (12 bytes)
1741732300.721513 sending message 112 to peer 0x571519d74470 (9 bytes)
1741732300.721521 sending message 112 to peer 0x571519d74470 (12 bytes)
1741732300.721529 sending message 112 to peer 0x571519d74470 (13 bytes)
1741732300.721537 sending message 112 to peer 0x571519d74470 (13 bytes)
1741732300.721545 sending message 112 to peer 0x571519d74470 (13 bytes)
1741732300.721553 sending message 112 to peer 0x571519d74470 (13 bytes)
1741732300.721562 sending message 112 to peer 0x571519d74470 (13 bytes)
1741732300.721570 sending message 112 to peer 0x571519d74470 (8 bytes)
1741732300.721579 sending message 112 to peer 0x571519d74470 (11 bytes)
1741732300.721587 sending message 112 to peer 0x571519d74470 (11 bytes)
1741732300.721595 sending message 112 to peer 0x571519d74470 (11 bytes)
1741732300.721603 sending message 112 to peer 0x571519d74470 (12 bytes)
1741732300.721612 sending message 112 to peer 0x571519d74470 (12 bytes)
1741732300.721620 sending message 112 to peer 0x571519d74470 (12 bytes)
1741732300.721628 sending message 112 to peer 0x571519d74470 (12 bytes)
1741732300.721636 sending message 112 to peer 0x571519d74470 (13 bytes)
1741732300.721644 sending message 112 to peer 0x571519d74470 (13 bytes)
1741732300.721652 sending message 112 to peer 0x571519d74470 (13 bytes)
1741732300.721661 sending message 112 to peer 0x571519d74470 (8 bytes)
1741732300.721669 sending message 112 to peer 0x571519d74470 (13 bytes)
1741732300.721677 sending message 112 to peer 0x571519d74470 (13 bytes)
1741732300.721685 sending message 112 to peer 0x571519d74470 (13 bytes)
1741732300.721693 sending message 112 to peer 0x571519d74470 (13 bytes)
1741732300.721701 sending message 112 to peer 0x571519d74470 (13 bytes)
1741732300.721709 sending message 112 to peer 0x571519d74470 (12 bytes)
1741732300.721717 sending message 112 to peer 0x571519d74470 (12 bytes)
1741732300.721726 sending message 112 to peer 0x571519d74470 (12 bytes)
1741732300.721734 sending message 112 to peer 0x571519d74470 (12 bytes)
1741732300.721742 sending message 112 to peer 0x571519d74470 (13 bytes)
1741732300.721750 sending message 112 to peer 0x571519d74470 (8 bytes)
1741732300.721758 sending message 112 to peer 0x571519d74470 (13 bytes)
1741732300.721766 sending message 112 to peer 0x571519d74470 (13 bytes)
1741732300.721774 sending message 112 to peer 0x571519d74470 (13 bytes)
1741732300.721783 sending message 112 to peer 0x571519d74470 (13 bytes)
1741732300.721791 sending message 112 to peer 0x571519d74470 (13 bytes)
1741732300.721799 sending message 112 to peer 0x571519d74470 (13 bytes)
1741732300.721807 sending message 112 to peer 0x571519d74470 (13 bytes)
1741732300.721815 sending message 112 to peer 0x571519d74470 (12 bytes)
1741732300.721823 sending message 112 to peer 0x571519d74470 (12 bytes)
1741732300.721831 sending message 112 to peer 0x571519d74470 (12 bytes)
1741732300.721840 sending message 112 to peer 0x571519d74470 (8 bytes)
1741732300.721848 sending message 112 to peer 0x571519d74470 (12 bytes)
1741732300.721856 sending message 112 to peer 0x571519d74470 (13 bytes)
1741732300.721873 sending message 112 to peer 0x571519d74470 (13 bytes)
1741732300.721881 sending message 112 to peer 0x571519d74470 (13 bytes)
1741732300.721889 sending message 112 to peer 0x571519d74470 (13 bytes)
1741732300.721897 sending message 112 to peer 0x571519d74470 (13 bytes)
1741732300.721906 sending message 112 to peer 0x571519d74470 (13 bytes)
1741732300.721914 sending message 112 to peer 0x571519d74470 (13 bytes)
1741732300.721922 sending message 112 to peer 0x571519d74470 (13 bytes)
1741732300.721930 sending message 112 to peer 0x571519d74470 (12 bytes)
1741732300.721938 sending message 112 to peer 0x571519d74470 (10 bytes)
1741732300.721946 sending message 112 to peer 0x571519d74470 (12 bytes)
1741732300.721954 sending message 112 to peer 0x571519d74470 (12 bytes)
1741732300.721963 sending message 112 to peer 0x571519d74470 (12 bytes)
1741732300.721971 sending message 112 to peer 0x571519d74470 (13 bytes)
1741732300.721979 sending message 112 to peer 0x571519d74470 (13 bytes)
1741732300.721987 sending message 112 to peer 0x571519d74470 (13 bytes)
1741732300.721995 sending message 112 to peer 0x571519d74470 (13 bytes)
1741732300.722003 sending message 112 to peer 0x571519d74470 (13 bytes)
1741732300.722011 sending message 112 to peer 0x571519d74470 (13 bytes)
1741732300.722019 sending message 112 to peer 0x571519d74470 (13 bytes)
1741732300.722027 sending message 112 to peer 0x571519d74470 (10 bytes)
1741732300.722035 sending message 112 to peer 0x571519d74470 (13 bytes)
1741732300.722044 sending message 112 to peer 0x571519d74470 (12 bytes)
1741732300.722052 sending message 112 to peer 0x571519d74470 (12 bytes)
1741732300.722060 sending message 112 to peer 0x571519d74470 (12 bytes)
1741732300.722068 sending message 112 to peer 0x571519d74470 (10 bytes)
1741732300.722076 sending message 112 to peer 0x571519d74470 (10 bytes)
1741732300.722084 sending message 112 to peer 0x571519d74470 (10 bytes)
1741732300.722093 sending message 112 to peer 0x571519d74470 (12 bytes)
1741732300.722101 sending message 112 to peer 0x571519d74470 (13 bytes)
1741732300.722109 sending message 112 to peer 0x571519d74470 (13 bytes)
1741732300.722117 sending message 112 to peer 0x571519d74470 (13 bytes)
1741732300.722125 sending message 112 to peer 0x571519d74470 (13 bytes)
1741732300.722133 sending message 112 to peer 0x571519d74470 (13 bytes)
1741732300.722141 sending message 112 to peer 0x571519d74470 (10 bytes)
1741732300.722149 sending message 112 to peer 0x571519d74470 (11 bytes)
1741732300.722157 sending message 112 to peer 0x571519d74470 (12 bytes)
1741732300.722165 sending message 112 to peer 0x571519d74470 (12 bytes)
1741732300.722174 sending message 112 to peer 0x571519d74470 (12 bytes)
1741732300.722182 sending message 112 to peer 0x571519d74470 (12 bytes)
1741732300.722190 sending message 112 to peer 0x571519d74470 (12 bytes)
1741732300.722198 sending message 112 to peer 0x571519d74470 (11 bytes)
1741732300.722206 sending message 112 to peer 0x571519d74470 (12 bytes)
1741732300.722214 sending message 112 to peer 0x571519d74470 (12 bytes)
1741732300.722222 sending message 112 to peer 0x571519d74470 (13 bytes)
1741732300.722231 sending message 112 to peer 0x571519d74470 (13 bytes)
1741732300.722239 sending message 112 to peer 0x571519d74470 (13 bytes)
1741732300.722247 sending message 112 to peer 0x571519d74470 (13 bytes)
1741732300.722255 sending message 112 to peer 0x571519d74470 (13 bytes)
1741732300.722263 sending message 112 to peer 0x571519d74470 (10 bytes)
1741732300.722271 sending message 112 to peer 0x571519d74470 (9 bytes)
1741732300.722280 sending message 112 to peer 0x571519d74470 (12 bytes)
1741732300.722288 sending message 112 to peer 0x571519d74470 (13 bytes)
1741732300.722296 sending message 112 to peer 0x571519d74470 (13 bytes)
1741732300.722304 sending message 112 to peer 0x571519d74470 (13 bytes)
1741732300.722312 sending message 112 to peer 0x571519d74470 (13 bytes)
1741732300.722320 sending message 112 to peer 0x571519d74470 (13 bytes)
1741732300.722328 sending message 112 to peer 0x571519d74470 (9 bytes)
1741732300.722343 sending message 112 to peer 0x571519d74470 (12 bytes)
1741732300.722352 sending message 112 to peer 0x571519d74470 (13 bytes)
1741732300.722360 sending message 112 to peer 0x571519d74470 (13 bytes)
1741732300.722368 sending message 112 to peer 0x571519d74470 (13 bytes)
1741732300.722376 sending message 112 to peer 0x571519d74470 (13 bytes)
1741732300.722385 sending message 112 to peer 0x571519d74470 (13 bytes)
1741732300.722393 sending message 112 to peer 0x571519d74470 (11 bytes)
1741732300.722401 sending message 112 to peer 0x571519d74470 (12 bytes)
1741732300.722409 sending message 112 to peer 0x571519d74470 (13 bytes)
1741732300.722417 sending message 112 to peer 0x571519d74470 (13 bytes)
1741732300.722425 sending message 112 to peer 0x571519d74470 (13 bytes)
1741732300.722433 sending message 112 to peer 0x571519d74470 (13 bytes)
1741732300.722441 sending message 112 to peer 0x571519d74470 (13 bytes)
1741732300.722449 sending message 112 to peer 0x571519d74470 (11 bytes)
1741732300.722478 sending message 112 to peer 0x571519d74470 (12 bytes)
1741732300.722486 sending message 112 to peer 0x571519d74470 (12 bytes)
1741732300.722495 sending message 112 to peer 0x571519d74470 (12 bytes)
1741732300.722503 sending message 112 to peer 0x571519d74470 (12 bytes)
1741732300.722511 sending message 112 to peer 0x571519d74470 (12 bytes)
1741732300.722520 sending message 112 to peer 0x571519d74470 (21 bytes)
1741732300.722528 sending message 112 to peer 0x571519d74470 (12 bytes)
1741732300.722536 sending message 112 to peer 0x571519d74470 (9 bytes)
1741732300.722545 sending message 112 to peer 0x571519d74470 (6 bytes)
1741732300.722553 sending message 112 to peer 0x571519d74470 (13 bytes)
1741732300.722561 sending message 112 to peer 0x571519d74470 (10 bytes)
1741732300.722570 sending message 112 to peer 0x571519d74470 (24 bytes)
1741732300.722578 sending message 112 to peer 0x571519d74470 (13 bytes)
1741732300.722586 sending message 112 to peer 0x571519d74470 (9 bytes)
1741732300.722595 sending message 112 to peer 0x571519d74470 (70 bytes)
1741732300.722603 sending message 112 to peer 0x571519d74470 (69 bytes)
1741732300.722613 sending message 112 to peer 0x571519d74470 (12 bytes)
1741732300.722621 sending message 112 to peer 0x571519d74470 (10 bytes)
1741732300.722630 sending message 112 to peer 0x571519d74470 (10 bytes)
1741732300.722638 sending message 112 to peer 0x571519d74470 (24 bytes)
1741732300.722647 sending message 112 to peer 0x571519d74470 (13 bytes)
1741732300.722655 sending message 112 to peer 0x571519d74470 (10 bytes)
1741732300.722663 sending message 112 to peer 0x571519d74470 (10 bytes)
1741732300.722671 sending message 112 to peer 0x571519d74470 (10 bytes)
1741732300.722679 sending message 112 to peer 0x571519d74470 (13 bytes)
1741732300.722688 sending message 112 to peer 0x571519d74470 (15 bytes)
1741732300.722696 sending message 112 to peer 0x571519d74470 (5 bytes)
1741732300.722709 sending message 104 to peer 0x571519d74470 (0 bytes)
1741732300.722720 sending message 110 to peer 0x571519d74470 (0 bytes)
1741732300.722732 sending message 107 to peer 0x571519d74470 (4 bytes)
1741732300.722741 sending message 105 to peer 0x571519d74470 (27 bytes)
1741732300.722751 sending message 105 to peer 0x571519d74470 (47 bytes)
1741732300.722760 sending message 105 to peer 0x571519d74470 (64 bytes)
1741732300.722769 sending message 105 to peer 0x571519d74470 (20 bytes)
1741732300.722777 sending message 105 to peer 0x571519d74470 (42 bytes)
1741732300.722786 sending message 105 to peer 0x571519d74470 (20 bytes)
1741732300.722795 sending message 105 to peer 0x571519d74470 (50 bytes)
1741732300.722803 sending message 105 to peer 0x571519d74470 (24 bytes)
1741732300.722812 sending message 105 to peer 0x571519d74470 (11 bytes)
1741732300.722820 sending message 105 to peer 0x571519d74470 (12 bytes)
1741732300.722828 sending message 105 to peer 0x571519d74470 (19 bytes)
1741732300.722837 sending message 105 to peer 0x571519d74470 (66 bytes)
1741732300.722846 sending message 105 to peer 0x571519d74470 (67 bytes)
1741732300.722874 sending message 105 to peer 0x571519d74470 (486 bytes)
1741732300.722884 sending message 105 to peer 0x571519d74470 (41 bytes)
1741732300.722893 sending message 105 to peer 0x571519d74470 (36 bytes)
1741732300.722901 sending message 105 to peer 0x571519d74470 (37 bytes)
1741732300.722910 sending message 105 to peer 0x571519d74470 (35 bytes)
1741732300.722918 sending message 105 to peer 0x571519d74470 (48 bytes)
1741732300.722927 sending message 105 to peer 0x571519d74470 (47 bytes)
1741732300.722935 sending message 105 to peer 0x571519d74470 (47 bytes)
1741732300.722944 sending message 105 to peer 0x571519d74470 (17 bytes)
1741732300.722952 sending message 105 to peer 0x571519d74470 (36 bytes)
1741732300.722961 sending message 105 to peer 0x571519d74470 (44 bytes)
1741732300.722969 sending message 105 to peer 0x571519d74470 (44 bytes)
1741732300.722978 sending message 105 to peer 0x571519d74470 (30 bytes)
1741732300.722986 sending message 105 to peer 0x571519d74470 (38 bytes)
1741732300.722995 sending message 105 to peer 0x571519d74470 (42 bytes)
1741732300.723004 sending message 105 to peer 0x571519d74470 (55 bytes)
1741732300.723013 sending message 105 to peer 0x571519d74470 (38 bytes)
1741732300.723022 sending message 105 to peer 0x571519d74470 (53 bytes)
1741732300.723030 sending message 105 to peer 0x571519d74470 (13 bytes)
1741732300.723039 sending message 105 to peer 0x571519d74470 (17 bytes)
1741732300.723047 sending message 105 to peer 0x571519d74470 (14 bytes)
1741732300.723056 sending message 105 to peer 0x571519d74470 (168 bytes)
1741732300.723064 sending message 105 to peer 0x571519d74470 (355 bytes)
1741732300.723073 sending message 105 to peer 0x571519d74470 (27 bytes)
1741732300.723082 sending message 105 to peer 0x571519d74470 (15 bytes)
1741732300.723091 sending message 105 to peer 0x571519d74470 (68 bytes)
1741732300.723100 sending message 105 to peer 0x571519d74470 (53 bytes)
1741732300.723109 sending message 105 to peer 0x571519d74470 (52 bytes)
1741732300.723117 sending message 105 to peer 0x571519d74470 (27 bytes)
1741732300.723125 sending message 105 to peer 0x571519d74470 (42 bytes)
1741732300.723134 sending message 105 to peer 0x571519d74470 (72 bytes)
1741732300.723142 sending message 105 to peer 0x571519d74470 (43 bytes)
1741732300.723151 sending message 105 to peer 0x571519d74470 (563 bytes)
1741732300.723160 sending message 105 to peer 0x571519d74470 (39 bytes)
1741732300.723168 sending message 105 to peer 0x571519d74470 (46 bytes)
1741732300.723176 sending message 105 to peer 0x571519d74470 (50 bytes)
1741732300.723184 sending message 105 to peer 0x571519d74470 (47 bytes)
1741732300.723193 sending message 105 to peer 0x571519d74470 (57 bytes)
1741732300.723201 sending message 105 to peer 0x571519d74470 (44 bytes)
1741732300.723210 sending message 105 to peer 0x571519d74470 (15 bytes)
1741732300.723218 sending message 105 to peer 0x571519d74470 (8 bytes)
1741732300.723228 sending message 105 to peer 0x571519d74470 (50 bytes)
1741732300.723237 sending message 105 to peer 0x571519d74470 (34 bytes)
1741732300.723245 sending message 105 to peer 0x571519d74470 (19 bytes)
1741732300.723254 sending message 105 to peer 0x571519d74470 (38 bytes)
1741732300.723262 sending message 105 to peer 0x571519d74470 (19 bytes)
1741732300.723270 sending message 105 to peer 0x571519d74470 (20 bytes)
1741732300.723279 sending message 105 to peer 0x571519d74470 (18 bytes)
1741732300.723287 sending message 105 to peer 0x571519d74470 (26 bytes)
1741732300.723295 sending message 105 to peer 0x571519d74470 (53 bytes)
1741732300.723304 sending message 105 to peer 0x571519d74470 (41 bytes)
1741732300.723312 sending message 105 to peer 0x571519d74470 (46 bytes)
1741732300.723320 sending message 105 to peer 0x571519d74470 (36 bytes)
1741732300.723329 sending message 105 to peer 0x571519d74470 (14 bytes)
1741732300.723337 sending message 105 to peer 0x571519d74470 (59 bytes)
1741732300.723345 sending message 105 to peer 0x571519d74470 (11 bytes)
1741732300.723354 sending message 105 to peer 0x571519d74470 (12 bytes)
1741732300.723369 sending message 105 to peer 0x571519d74470 (34 bytes)
1741732300.723377 sending message 105 to peer 0x571519d74470 (35 bytes)
1741732300.723386 sending message 105 to peer 0x571519d74470 (34 bytes)
1741732300.723394 sending message 105 to peer 0x571519d74470 (36 bytes)
1741732300.723403 sending message 105 to peer 0x571519d74470 (176 bytes)
1741732300.723411 sending message 105 to peer 0x571519d74470 (39 bytes)
1741732300.723419 sending message 105 to peer 0x571519d74470 (32 bytes)
1741732300.723428 sending message 105 to peer 0x571519d74470 (23 bytes)
1741732300.723436 sending message 105 to peer 0x571519d74470 (17 bytes)
1741732300.723445 sending message 105 to peer 0x571519d74470 (21 bytes)
1741732300.723453 sending message 105 to peer 0x571519d74470 (40 bytes)
1741732300.723494 sending message 105 to peer 0x571519d74470 (40 bytes)
1741732300.723504 sending message 105 to peer 0x571519d74470 (44 bytes)
1741732300.723513 sending message 105 to peer 0x571519d74470 (32 bytes)
1741732300.723522 sending message 105 to peer 0x571519d74470 (16 bytes)
1741732300.723531 sending message 105 to peer 0x571519d74470 (109 bytes)
1741732300.723545 sending message 105 to peer 0x571519d74470 (70 bytes)
1741732300.723553 sending message 106 to peer 0x571519d74470 (0 bytes)
1741732300.723716 sending message 200 to peer 0x571519d74470 (4 bytes)
1741732300.723726 client loop enter
1741732300.726112 peer 0x571519d74470 message 303
1741732300.726133 open write file 2 -
1741732300.726161 sending message 305 to peer 0x571519d74470 (8 bytes)
1741732300.726206 write check file 2
1741732300.726867 peer 0x571519d74470 message 304
1741732300.726887 write 58 to file 2
1741732300.726901 peer 0x571519d74470 message 203
1741732300.726910 file 2 58 bytes left
1741732300.726955 write check file 2
1741732300.726963 client loop exit
